ftcvisionbot/ftc-robotcontroller/build/outputs/logs/manifest-merger-debug-report.txt
-- Merging decision tree log ---
manifest
ADDED from src\main\AndroidManifest.xml:2:1-92:12
	xmlns:tools
		ADDED from src\main\AndroidManifest.xml:3:5-51
	xmlns:android
		ADDED from src\main\AndroidManifest.xml:2:11-69
	package
		ADDED from src\main\AndroidManifest.xml:4:5-46
	android:versionName
		ADDED from src\main\AndroidManifest.xml:6:5-31
	android:versionCode
		ADDED from src\main\AndroidManifest.xml:5:5-28
		INJECTED from src\main\AndroidManifest.xml
		INJECTED from src\main\AndroidManifest.xml
uses-permission#android.permission.ACCESS_WIFI_STATE
ADDED from src\main\AndroidManifest.xml:9:5-11:35
	android:required
		ADDED from src\main\AndroidManifest.xml:11:9-32
	android:name
		ADDED from src\main\AndroidManifest.xml:10:9-60
uses-permission#android.permission.CHANGE_WIFI_STATE
ADDED from src\main\AndroidManifest.xml:12:5-14:35
MERGED from [:WirelessP2p-release:] AndroidManifest.xml:9:5-76
	android:required
		ADDED from src\main\AndroidManifest.xml:14:9-32
	android:name
		ADDED from src\main\AndroidManifest.xml:13:9-60
uses-permission#android.permission.ACCESS_NETWORK_STATE
ADDED from src\main\AndroidManifest.xml:15:5-17:35
MERGED from [:Analytics-release:] AndroidManifest.xml:15:5-17:35
	android:required
		ADDED from src\main\AndroidManifest.xml:17:9-32
	android:name
		ADDED from src\main\AndroidManifest.xml:16:9-63
uses-permission#android.permission.CHANGE_NETWORK_STATE
ADDED from src\main\AndroidManifest.xml:18:5-20:35
	android:required
		ADDED from src\main\AndroidManifest.xml:20:9-32
	android:name
		ADDED from src\main\AndroidManifest.xml:19:9-63
uses-permission#android.permission.INTERNET
ADDED from src\main\AndroidManifest.xml:21:5-23:35
MERGED from [:Analytics-release:] AndroidManifest.xml:12:5-14:35
	android:required
		ADDED from src\main\AndroidManifest.xml:23:9-32
	android:name
		ADDED from src\main\AndroidManifest.xml:22:9-51
uses-permission#android.permission.WRITE_EXTERNAL_STORAGE
ADDED from src\main\AndroidManifest.xml:24:5-26:35
MERGED from [:FtcCommon-release:] AndroidManifest.xml:11:5-13:35
MERGED from [:Analytics-release:] AndroidManifest.xml:9:5-11:35
	android:required
		ADDED from src\main\AndroidManifest.xml:26:9-32
	android:name
		ADDED from src\main\AndroidManifest.xml:25:9-65
uses-permission#android.permission.READ_EXTERNAL_STORAGE
ADDED from src\main\AndroidManifest.xml:27:5-29:35
MERGED from [:FtcCommon-release:] AndroidManifest.xml:14:5-16:35
	android:required
		ADDED from src\main\AndroidManifest.xml:29:9-32
	android:name
		ADDED from src\main\AndroidManifest.xml:28:9-64
uses-permission#android.permission.WRITE_SETTINGS
ADDED from src\main\AndroidManifest.xml:30:5-32:35
MERGED from [:FtcCommon-release:] AndroidManifest.xml:17:5-19:35
	android:required
		ADDED from src\main\AndroidManifest.xml:32:9-32
	android:name
		ADDED from src\main\AndroidManifest.xml:31:9-57
uses-permission#android.permission.CAMERA
ADDED from src\main\AndroidManifest.xml:33:5-35:35
	android:required
		ADDED from src\main\AndroidManifest.xml:35:9-32
	android:name
		ADDED from src\main\AndroidManifest.xml:34:9-49
uses-feature#android.hardware.usb.accessory
ADDED from src\main\AndroidManifest.xml:37:5-67
	android:name
		ADDED from src\main\AndroidManifest.xml:37:19-64
application
ADDED from src\main\AndroidManifest.xml:39:5-90:19
MERGED from [:FtcCommon-release:] AndroidManifest.xml:21:5-156:19
MERGED from [:Analytics-release:] AndroidManifest.xml:19:5-24:19
MERGED from [FTCVision:ftc-visionlib:unspecified] AndroidManifest.xml:11:5-14:19
	android:label
		ADDED from src\main\AndroidManifest.xml:42:9-41
	android:allowBackup
		ADDED from src\main\AndroidManifest.xml:40:9-35
	android:icon
		ADDED from src\main\AndroidManifest.xml:41:9-45
	android:theme
		ADDED from src\main\AndroidManifest.xml:43:9-40
	android:exported
		ADDED from [:Analytics-release:] AndroidManifest.xml:21:9-32
activity#com.qualcomm.ftcrobotcontroller.FtcRobotControllerActivity
ADDED from src\main\AndroidManifest.xml:44:9-60:20
	android:label
		ADDED from src\main\AndroidManifest.xml:47:13-45
	android:configChanges
		ADDED from src\main\AndroidManifest.xml:46:13-59
	android:name
		ADDED from src\main\AndroidManifest.xml:45:13-86
	android:launchMode
		ADDED from src\main\AndroidManifest.xml:48:13-44
intent-filter#android.hardware.usb.action.USB_DEVICE_ATTACHED+android.intent.action.MAIN+android.intent.category.LAUNCHER
ADDED from src\main\AndroidManifest.xml:49:13-55:29
action#android.intent.action.MAIN
ADDED from src\main\AndroidManifest.xml:50:17-69
	android:name
		ADDED from src\main\AndroidManifest.xml:50:25-66
category#android.intent.category.LAUNCHER
ADDED from src\main\AndroidManifest.xml:52:17-77
	android:name
		ADDED from src\main\AndroidManifest.xml:52:27-74
action#android.hardware.usb.action.USB_DEVICE_ATTACHED
ADDED from src\main\AndroidManifest.xml:54:17-90
	android:name
		ADDED from src\main\AndroidManifest.xml:54:25-87
meta-data#android.hardware.usb.action.USB_DEVICE_ATTACHED
ADDED from src\main\AndroidManifest.xml:57:13-59:57
	android:resource
		ADDED from src\main\AndroidManifest.xml:59:17-54
	android:name
		ADDED from src\main\AndroidManifest.xml:58:17-79
activity#com.qualcomm.ftccommon.FtcRobotControllerSettingsActivity
ADDED from src\main\AndroidManifest.xml:61:9-63:66
MERGED from [:FtcCommon-release:] AndroidManifest.xml:26:9-35:20
	android:label
		ADDED from src\main\AndroidManifest.xml:63:13-54
	android:exported
		ADDED from [:FtcCommon-release:] AndroidManifest.xml:28:13-36
	android:name
		ADDED from src\main\AndroidManifest.xml:62:13-85
service#com.qualcomm.ftccommon.FtcRobotControllerService
ADDED from src\main\AndroidManifest.xml:65:9-67:38
	android:enabled
		ADDED from src\main\AndroidManifest.xml:67:13-35
	android:name
		ADDED from src\main\AndroidManifest.xml:66:13-76
activity#com.qualcomm.ftccommon.configuration.FtcLoadFileActivity
ADDED from src\main\AndroidManifest.xml:69:9-72:54
MERGED from [:FtcCommon-release:] AndroidManifest.xml:36:9-46:20
	android:label
		ADDED from src\main\AndroidManifest.xml:71:13-55
		REJECTED from [:FtcCommon-release:] AndroidManifest.xml:40:13-56
	android:configChanges
		ADDED from [:FtcCommon-release:] AndroidManifest.xml:38:13-59
	android:exported
		ADDED from [:FtcCommon-release:] AndroidManifest.xml:39:13-36
	tools:replace
		ADDED from src\main\AndroidManifest.xml:72:13-42
	android:name
		ADDED from src\main\AndroidManifest.xml:70:13-84
activity#com.qualcomm.ftccommon.FtcWifiChannelSelectorActivity
ADDED from src\main\AndroidManifest.xml:73:9-76:54
MERGED from [:FtcCommon-release:] AndroidManifest.xml:67:9-76:20
	android:label
		ADDED from src\main\AndroidManifest.xml:75:13-73
		REJECTED from [:FtcCommon-release:] AndroidManifest.xml:70:13-73
	android:exported
		ADDED from [:FtcCommon-release:] AndroidManifest.xml:69:13-36
	tools:replace
		ADDED from src\main\AndroidManifest.xml:76:13-42
	android:name
		ADDED from src\main\AndroidManifest.xml:74:13-81
activity#com.qualcomm.ftccommon.ConfigWifiDirectActivity
ADDED from src\main\AndroidManifest.xml:77:9-79:73
MERGED from [:FtcCommon-release:] AndroidManifest.xml:63:9-66:73
	android:label
		ADDED from src\main\AndroidManifest.xml:79:13-70
	android:exported
		ADDED from [:FtcCommon-release:] AndroidManifest.xml:65:13-36
	android:name
		ADDED from src\main\AndroidManifest.xml:78:13-75
activity#com.qualcomm.ftccommon.ViewLogsActivity
ADDED from src\main\AndroidManifest.xml:80:9-89:20
MERGED from [:FtcCommon-release:] AndroidManifest.xml:77:9-86:20
	android:label
		ADDED from src\main\AndroidManifest.xml:83:13-61
		REJECTED from [:FtcCommon-release:] AndroidManifest.xml:80:13-55
	android:configChanges
		ADDED from src\main\AndroidManifest.xml:82:13-59
	tools:replace
		ADDED from src\main\AndroidManifest.xml:84:13-42
	android:name
		ADDED from src\main\AndroidManifest.xml:81:13-67
intent-filter#android.intent.category.DEFAULT+com.qualcomm.ftcrobotcontroller.VIEW_LOGS
ADDED from src\main\AndroidManifest.xml:85:13-88:29
action#com.qualcomm.ftcrobotcontroller.VIEW_LOGS
ADDED from src\main\AndroidManifest.xml:86:17-84
	android:name
		ADDED from src\main\AndroidManifest.xml:86:25-81
category#android.intent.category.DEFAULT
ADDED from src\main\AndroidManifest.xml:87:17-76
	android:name
		ADDED from src\main\AndroidManifest.xml:87:27-73
uses-sdk
INJECTED from src\main\AndroidManifest.xml reason: use-sdk injection requested
MERGED from [:RobotCore-release:] AndroidManifest.xml:5:5-7:41
MERGED from [:Hardware-release:] AndroidManifest.xml:5:5-7:41
MERGED from [:FtcCommon-release:] AndroidManifest.xml:7:5-9:41
MERGED from [:ModernRobotics-release:] AndroidManifest.xml:5:5-7:41
MERGED from [:Analytics-release:] AndroidManifest.xml:5:5-7:41
MERGED from [:WirelessP2p-release:] AndroidManifest.xml:5:5-7:41
MERGED from [FTCVision:ftc-visionlib:unspecified] AndroidManifest.xml:7:5-9:41
MERGED from [:RobotCore-release:] AndroidManifest.xml:5:5-7:41
MERGED from [FTCVision:opencv-java:unspecified] AndroidManifest.xml:7:5-9:41
MERGED from [FTCVision:opencv-java:unspecified] AndroidManifest.xml:7:5-9:41
	android:targetSdkVersion
		INJECTED from src\main\AndroidManifest.xml
		INJECTED from src\main\AndroidManifest.xml
	android:minSdkVersion
		INJECTED from src\main\AndroidManifest.xml
		INJECTED from src\main\AndroidManifest.xml
intent-filter#android.intent.category.DEFAULT+com.qualcomm.ftccommon.FtcRobotControllerSettingsActivity.intent.action.Launch
ADDED from [:FtcCommon-release:] AndroidManifest.xml:30:13-34:29
action#com.qualcomm.ftccommon.FtcRobotControllerSettingsActivity.intent.action.Launch
ADDED from [:FtcCommon-release:] AndroidManifest.xml:31:17-121
	android:name
		ADDED from [:FtcCommon-release:] AndroidManifest.xml:31:25-118
intent-filter#android.intent.category.DEFAULT+com.qualcomm.ftccommon.configuration.FtcLoadFileActivity.intent.action.Launch
ADDED from [:FtcCommon-release:] AndroidManifest.xml:41:13-45:29
action#com.qualcomm.ftccommon.configuration.FtcLoadFileActivity.intent.action.Launch
ADDED from [:FtcCommon-release:] AndroidManifest.xml:42:17-120
	android:name
		ADDED from [:FtcCommon-release:] AndroidManifest.xml:42:25-117
activity#com.qualcomm.ftccommon.configuration.AutoConfigureActivity
ADDED from [:FtcCommon-release:] AndroidManifest.xml:47:9-57:20
	android:label
		ADDED from [:FtcCommon-release:] AndroidManifest.xml:51:13-65
	android:configChanges
		ADDED from [:FtcCommon-release:] AndroidManifest.xml:49:13-59
	android:exported
		ADDED from [:FtcCommon-release:] AndroidManifest.xml:50:13-36
	android:name
		ADDED from [:FtcCommon-release:] AndroidManifest.xml:48:13-86
intent-filter#android.intent.category.DEFAULT+com.qualcomm.ftccommon.configuration.FtcAutoconfigureActivity.intent.action.Launch
ADDED from [:FtcCommon-release:] AndroidManifest.xml:52:13-56:29
action#com.qualcomm.ftccommon.configuration.FtcAutoconfigureActivity.intent.action.Launch
ADDED from [:FtcCommon-release:] AndroidManifest.xml:53:17-125
	android:name
		ADDED from [:FtcCommon-release:] AndroidManifest.xml:53:25-122
activity#com.qualcomm.ftccommon.configuration.FtcConfigurationActivity
ADDED from [:FtcCommon-release:] AndroidManifest.xml:58:9-62:20
	android:label
		ADDED from [:FtcCommon-release:] AndroidManifest.xml:61:13-45
	android:configChanges
		ADDED from [:FtcCommon-release:] AndroidManifest.xml:60:13-59
	android:name
		ADDED from [:FtcCommon-release:] AndroidManifest.xml:59:13-89
intent-filter#android.intent.category.DEFAULT+com.qualcomm.ftccommon.FtcWifiChannelSelectorActivity.intent.action.Launch
ADDED from [:FtcCommon-release:] AndroidManifest.xml:71:13-75:29
action#com.qualcomm.ftccommon.FtcWifiChannelSelectorActivity.intent.action.Launch
ADDED from [:FtcCommon-release:] AndroidManifest.xml:72:17-117
	android:name
		ADDED from [:FtcCommon-release:] AndroidManifest.xml:72:25-114
intent-filter#android.intent.category.DEFAULT+com.qualcomm.ftccommon.ViewLogsActivity.intent.action.Launch
ADDED from [:FtcCommon-release:] AndroidManifest.xml:81:13-85:29
action#com.qualcomm.ftccommon.ViewLogsActivity.intent.action.Launch
ADDED from [:FtcCommon-release:] AndroidManifest.xml:82:17-103
	android:name
		ADDED from [:FtcCommon-release:] AndroidManifest.xml:82:25-100
activity#com.qualcomm.ftccommon.AboutActivity
ADDED from [:FtcCommon-release:] AndroidManifest.xml:87:9-95:20
	android:label
		ADDED from [:FtcCommon-release:] AndroidManifest.xml:89:13-51
	android:name
		ADDED from [:FtcCommon-release:] AndroidManifest.xml:88:13-64
intent-filter#android.intent.category.DEFAULT+com.qualcomm.ftccommon.configuration.AboutActivity.intent.action.Launch
ADDED from [:FtcCommon-release:] AndroidManifest.xml:90:13-94:29
action#com.qualcomm.ftccommon.configuration.AboutActivity.intent.action.Launch
ADDED from [:FtcCommon-release:] AndroidManifest.xml:91:17-114
	android:name
		ADDED from [:FtcCommon-release:] AndroidManifest.xml:91:25-111
activity#com.qualcomm.ftccommon.configuration.EditMotorControllerActivity
ADDED from [:FtcCommon-release:] AndroidManifest.xml:96:9-101:20
	android:windowSoftInputMode
		ADDED from [:FtcCommon-release:] AndroidManifest.xml:100:13-54
	android:label
		ADDED from [:FtcCommon-release:] AndroidManifest.xml:99:13-67
	android:configChanges
		ADDED from [:FtcCommon-release:] AndroidManifest.xml:98:13-59
	android:name
		ADDED from [:FtcCommon-release:] AndroidManifest.xml:97:13-92
activity#com.qualcomm.ftccommon.configuration.EditServoControllerActivity
ADDED from [:FtcCommon-release:] AndroidManifest.xml:102:9-107:20
	android:windowSoftInputMode
		ADDED from [:FtcCommon-release:] AndroidManifest.xml:106:13-67
	android:label
		ADDED from [:FtcCommon-release:] AndroidManifest.xml:105:13-67
	android:configChanges
		ADDED from [:FtcCommon-release:] AndroidManifest.xml:104:13-59
	android:name
		ADDED from [:FtcCommon-release:] AndroidManifest.xml:103:13-92
activity#com.qualcomm.ftccommon.configuration.EditLegacyModuleControllerActivity
ADDED from [:FtcCommon-release:] AndroidManifest.xml:108:9-113:20
	android:windowSoftInputMode
		ADDED from [:FtcCommon-release:] AndroidManifest.xml:112:13-67
	android:label
		ADDED from [:FtcCommon-release:] AndroidManifest.xml:111:13-75
	android:configChanges
		ADDED from [:FtcCommon-release:] AndroidManifest.xml:110:13-59
	android:name
		ADDED from [:FtcCommon-release:] AndroidManifest.xml:109:13-99
activity#com.qualcomm.ftccommon.configuration.EditMatrixControllerActivity
ADDED from [:FtcCommon-release:] AndroidManifest.xml:114:9-119:20
	android:windowSoftInputMode
		ADDED from [:FtcCommon-release:] AndroidManifest.xml:118:13-67
	android:label
		ADDED from [:FtcCommon-release:] AndroidManifest.xml:117:13-68
	android:configChanges
		ADDED from [:FtcCommon-release:] AndroidManifest.xml:116:13-59
	android:name
		ADDED from [:FtcCommon-release:] AndroidManifest.xml:115:13-93
activity#com.qualcomm.ftccommon.configuration.EditDeviceInterfaceModuleActivity
ADDED from [:FtcCommon-release:] AndroidManifest.xml:120:9-125:20
	android:windowSoftInputMode
		ADDED from [:FtcCommon-release:] AndroidManifest.xml:124:13-67
	android:label
		ADDED from [:FtcCommon-release:] AndroidManifest.xml:123:13-90
	android:configChanges
		ADDED from [:FtcCommon-release:] AndroidManifest.xml:122:13-59
	android:name
		ADDED from [:FtcCommon-release:] AndroidManifest.xml:121:13-98
activity#com.qualcomm.ftccommon.configuration.EditPWMDevicesActivity
ADDED from [:FtcCommon-release:] AndroidManifest.xml:126:9-131:20
	android:windowSoftInputMode
		ADDED from [:FtcCommon-release:] AndroidManifest.xml:130:13-67
	android:label
		ADDED from [:FtcCommon-release:] AndroidManifest.xml:129:13-62
	android:configChanges
		ADDED from [:FtcCommon-release:] AndroidManifest.xml:128:13-59
	android:name
		ADDED from [:FtcCommon-release:] AndroidManifest.xml:127:13-87
activity#com.qualcomm.ftccommon.configuration.EditAnalogInputDevicesActivity
ADDED from [:FtcCommon-release:] AndroidManifest.xml:132:9-137:20
	android:windowSoftInputMode
		ADDED from [:FtcCommon-release:] AndroidManifest.xml:136:13-67
	android:label
		ADDED from [:FtcCommon-release:] AndroidManifest.xml:135:13-71
	android:configChanges
		ADDED from [:FtcCommon-release:] AndroidManifest.xml:134:13-59
	android:name
		ADDED from [:FtcCommon-release:] AndroidManifest.xml:133:13-95
activity#com.qualcomm.ftccommon.configuration.EditDigitalDevicesActivity
ADDED from [:FtcCommon-release:] AndroidManifest.xml:138:9-143:20
	android:windowSoftInputMode
		ADDED from [:FtcCommon-release:] AndroidManifest.xml:142:13-67
	android:label
		ADDED from [:FtcCommon-release:] AndroidManifest.xml:141:13-66
	android:configChanges
		ADDED from [:FtcCommon-release:] AndroidManifest.xml:140:13-59
	android:name
		ADDED from [:FtcCommon-release:] AndroidManifest.xml:139:13-91
activity#com.qualcomm.ftccommon.configuration.EditI2cDevicesActivity
ADDED from [:FtcCommon-release:] AndroidManifest.xml:144:9-149:20
	android:windowSoftInputMode
		ADDED from [:FtcCommon-release:] AndroidManifest.xml:148:13-67
	android:label
		ADDED from [:FtcCommon-release:] AndroidManifest.xml:147:13-62
	android:configChanges
		ADDED from [:FtcCommon-release:] AndroidManifest.xml:146:13-59
	android:name
		ADDED from [:FtcCommon-release:] AndroidManifest.xml:145:13-87
activity#com.qualcomm.ftccommon.configuration.EditAnalogOutputDevicesActivity
ADDED from [:FtcCommon-release:] AndroidManifest.xml:150:9-155:20
	android:windowSoftInputMode
		ADDED from [:FtcCommon-release:] AndroidManifest.xml:154:13-67
	android:label
		ADDED from [:FtcCommon-release:] AndroidManifest.xml:153:13-72
	android:configChanges
		ADDED from [:FtcCommon-release:] AndroidManifest.xml:152:13-59
	android:name
		ADDED from [:FtcCommon-release:] AndroidManifest.xml:151:13-96
uses-library#android.test.runner
ADDED from [:Analytics-release:] AndroidManifest.xml:23:9-60
	android:name
		ADDED from [:Analytics-release:] AndroidManifest.xml:23:23-57